[debug] [2023-01-26T11:39:06.809Z] ----------------------------------------------------------------------
[debug] [2023-01-26T11:39:06.811Z] Command:       C:\Program Files\nodejs\node.exe C:\Users\skeha\AppData\Roaming\npm\node_modules\firebase-tools\lib\bin\firebase.js init
[debug] [2023-01-26T11:39:06.812Z] CLI Version:   11.21.0
[debug] [2023-01-26T11:39:06.812Z] Platform:      win32
[debug] [2023-01-26T11:39:06.812Z] Node Version:  v16.17.1
[debug] [2023-01-26T11:39:06.813Z] Time:          Thu Jan 26 2023 11:39:06 GMT+0000 (Greenwich Mean Time)
[debug] [2023-01-26T11:39:06.813Z] ----------------------------------------------------------------------
[debug] 
[debug] [2023-01-26T11:39:06.883Z] > command requires scopes: ["email","openid","https://www.googleapis.com/auth/cloudplatformprojects.readonly","https://www.googleapis.com/auth/firebase","https://www.googleapis.com/auth/cloud-platform"]
[debug] [2023-01-26T11:39:06.883Z] > authorizing via signed-in user (g.skehan1@nuigalway.ie)
[info] 
     ######## #### ########  ######## ########     ###     ######  ########
     ##        ##  ##     ## ##       ##     ##  ##   ##  ##       ##
     ######    ##  ########  ######   ########  #########  ######  ######
     ##        ##  ##    ##  ##       ##     ## ##     ##       ## ##
     ##       #### ##     ## ######## ########  ##     ##  ######  ########

You're about to initialize a Firebase project in this directory:

  C:\Users\skeha

Before we get started, keep in mind:

  * You are initializing within an existing Firebase project directory

